<?xml version="1.0" encoding="UTF-8"?>
<testng-results retried="2" ignored="0" total="8" passed="5" failed="1" skipped="0">
  <reporter-output>
  </reporter-output>
  <suite started-at="2024-05-11T19:43:55 IST" name="Suite" finished-at="2024-05-11T19:44:37 IST" duration-ms="42905">
    <groups>
      <group name="ErrorHandling">
        <method signature="ErrorValidations.LoginErrorValidation()[pri:0, instance:E2EFrameWork.ErrorValidations@5460cf3a]" name="LoginErrorValidation" class="E2EFrameWork.ErrorValidations"/>
      </group> <!-- ErrorHandling -->
      <group name="purchaseOrder">
        <method signature="E2E.submitOrder(java.util.HashMap)[pri:0, instance:E2EFrameWork.E2E@6af9fcb2]" name="submitOrder" class="E2EFrameWork.E2E"/>
        <method signature="E2E.checkOrderHistory(java.util.HashMap)[pri:0, instance:E2EFrameWork.E2E@6af9fcb2]" name="checkOrderHistory" class="E2EFrameWork.E2E"/>
      </group> <!-- purchaseOrder -->
    </groups>
    <test started-at="2024-05-11T19:43:55 IST" name="Errorvalidations" finished-at="2024-05-11T19:44:21 IST" duration-ms="26737">
      <class name="E2EFrameWork.ErrorValidations">
        <test-method is-config="true" signature="launchApplication()[pri:0, instance:E2EFrameWork.ErrorValidations@5460cf3a]" started-at="2024-05-11T19:43:55 IST" name="launchApplication" finished-at="2024-05-11T19:44:01 IST" duration-ms="6597" status="PASS">
          <reporter-output>
          </reporter-output>
        </test-method> <!-- launchApplication -->
        <test-method signature="CheckItemsInCatalog()[pri:0, instance:E2EFrameWork.ErrorValidations@5460cf3a]" started-at="2024-05-11T19:44:01 IST" name="CheckItemsInCatalog" finished-at="2024-05-11T19:44:01 IST" duration-ms="30" status="PASS">
          <reporter-output>
          </reporter-output>
        </test-method> <!-- CheckItemsInCatalog -->
        <test-method is-config="true" signature="closeBrowser()[pri:0, instance:E2EFrameWork.ErrorValidations@5460cf3a]" started-at="2024-05-11T19:44:01 IST" name="closeBrowser" finished-at="2024-05-11T19:44:02 IST" duration-ms="348" status="PASS">
          <reporter-output>
          </reporter-output>
        </test-method> <!-- closeBrowser -->
        <test-method is-config="true" signature="launchApplication()[pri:0, instance:E2EFrameWork.ErrorValidations@5460cf3a]" started-at="2024-05-11T19:44:02 IST" name="launchApplication" finished-at="2024-05-11T19:44:07 IST" duration-ms="5737" status="PASS">
          <reporter-output>
          </reporter-output>
        </test-method> <!-- launchApplication -->
        <test-method retried="true" signature="LoginErrorValidation()[pri:0, instance:E2EFrameWork.ErrorValidations@5460cf3a]" started-at="2024-05-11T19:44:07 IST" name="LoginErrorValidation" finished-at="2024-05-11T19:44:08 IST" duration-ms="882" status="SKIP">
          <exception class="java.lang.AssertionError">
            <message>
              <![CDATA[expected [Incorrect  email or password.] but found [Incorrect email or password.]]]>
            </message>
            <full-stacktrace>
              <![CDATA[java.lang.AssertionError: expected [Incorrect  email or password.] but found [Incorrect email or password.]
at org.testng.Assert.fail(Assert.java:99)
at org.testng.Assert.failNotEquals(Assert.java:1037)
at org.testng.Assert.assertEqualsImpl(Assert.java:140)
at org.testng.Assert.assertEquals(Assert.java:122)
at org.testng.Assert.assertEquals(Assert.java:629)
at org.testng.Assert.assertEquals(Assert.java:639)
at E2EFrameWork.ErrorValidations.LoginErrorValidation(ErrorValidations.java:32)
at java.base/jdk.internal.reflect.NativeMethodAccessorImpl.invoke0(Native Method)
at java.base/jdk.internal.reflect.NativeMethodAccessorImpl.invoke(NativeMethodAccessorImpl.java:77)
at java.base/jdk.internal.reflect.DelegatingMethodAccessorImpl.invoke(DelegatingMethodAccessorImpl.java:43)
at java.base/java.lang.reflect.Method.invoke(Method.java:568)
at org.testng.internal.MethodInvocationHelper.invokeMethod(MethodInvocationHelper.java:133)
at org.testng.internal.TestInvoker.invokeMethod(TestInvoker.java:598)
at org.testng.internal.TestInvoker.invokeTestMethod(TestInvoker.java:173)
at org.testng.internal.MethodRunner.runInSequence(MethodRunner.java:46)
at org.testng.internal.TestInvoker$MethodInvocationAgent.invoke(TestInvoker.java:824)
at org.testng.internal.TestInvoker.invokeTestMethods(TestInvoker.java:146)
at org.testng.internal.TestMethodWorker.invokeTestMethods(TestMethodWorker.java:146)
at org.testng.internal.TestMethodWorker.run(TestMethodWorker.java:128)
at java.base/java.util.ArrayList.forEach(ArrayList.java:1511)
at org.testng.TestRunner.privateRun(TestRunner.java:794)
at org.testng.TestRunner.run(TestRunner.java:596)
at org.testng.SuiteRunner.runTest(SuiteRunner.java:377)
at org.testng.SuiteRunner.access$000(SuiteRunner.java:28)
at org.testng.SuiteRunner$SuiteWorker.run(SuiteRunner.java:418)
at org.testng.internal.thread.ThreadUtil.lambda$execute$0(ThreadUtil.java:64)
at java.base/java.util.concurrent.FutureTask.run(FutureTask.java:264)
at java.base/java.util.concurrent.ThreadPoolExecutor.runWorker(ThreadPoolExecutor.java:1136)
at java.base/java.util.concurrent.ThreadPoolExecutor$Worker.run(ThreadPoolExecutor.java:635)
at java.base/java.lang.Thread.run(Thread.java:840)
]]>
            </full-stacktrace>
          </exception> <!-- java.lang.AssertionError -->
          <reporter-output>
          </reporter-output>
        </test-method> <!-- LoginErrorValidation -->
        <test-method is-config="true" signature="closeBrowser()[pri:0, instance:E2EFrameWork.ErrorValidations@5460cf3a]" started-at="2024-05-11T19:44:08 IST" name="closeBrowser" finished-at="2024-05-11T19:44:09 IST" duration-ms="380" status="PASS">
          <reporter-output>
          </reporter-output>
        </test-method> <!-- closeBrowser -->
        <test-method is-config="true" signature="launchApplication()[pri:0, instance:E2EFrameWork.ErrorValidations@5460cf3a]" started-at="2024-05-11T19:44:09 IST" name="launchApplication" finished-at="2024-05-11T19:44:13 IST" duration-ms="4808" status="PASS">
          <reporter-output>
          </reporter-output>
        </test-method> <!-- launchApplication -->
        <test-method retried="true" signature="LoginErrorValidation()[pri:0, instance:E2EFrameWork.ErrorValidations@5460cf3a]" started-at="2024-05-11T19:44:13 IST" name="LoginErrorValidation" finished-at="2024-05-11T19:44:14 IST" duration-ms="728" status="SKIP">
          <exception class="java.lang.AssertionError">
            <message>
              <![CDATA[expected [Incorrect  email or password.] but found [Incorrect email or password.]]]>
            </message>
            <full-stacktrace>
              <![CDATA[java.lang.AssertionError: expected [Incorrect  email or password.] but found [Incorrect email or password.]
at org.testng.Assert.fail(Assert.java:99)
at org.testng.Assert.failNotEquals(Assert.java:1037)
at org.testng.Assert.assertEqualsImpl(Assert.java:140)
at org.testng.Assert.assertEquals(Assert.java:122)
at org.testng.Assert.assertEquals(Assert.java:629)
at org.testng.Assert.assertEquals(Assert.java:639)
at E2EFrameWork.ErrorValidations.LoginErrorValidation(ErrorValidations.java:32)
at java.base/jdk.internal.reflect.NativeMethodAccessorImpl.invoke0(Native Method)
at java.base/jdk.internal.reflect.NativeMethodAccessorImpl.invoke(NativeMethodAccessorImpl.java:77)
at java.base/jdk.internal.reflect.DelegatingMethodAccessorImpl.invoke(DelegatingMethodAccessorImpl.java:43)
at java.base/java.lang.reflect.Method.invoke(Method.java:568)
at org.testng.internal.MethodInvocationHelper.invokeMethod(MethodInvocationHelper.java:133)
at org.testng.internal.TestInvoker.invokeMethod(TestInvoker.java:598)
at org.testng.internal.TestInvoker.retryFailed(TestInvoker.java:213)
at org.testng.internal.MethodRunner.runInSequence(MethodRunner.java:58)
at org.testng.internal.TestInvoker$MethodInvocationAgent.invoke(TestInvoker.java:824)
at org.testng.internal.TestInvoker.invokeTestMethods(TestInvoker.java:146)
at org.testng.internal.TestMethodWorker.invokeTestMethods(TestMethodWorker.java:146)
at org.testng.internal.TestMethodWorker.run(TestMethodWorker.java:128)
at java.base/java.util.ArrayList.forEach(ArrayList.java:1511)
at org.testng.TestRunner.privateRun(TestRunner.java:794)
at org.testng.TestRunner.run(TestRunner.java:596)
at org.testng.SuiteRunner.runTest(SuiteRunner.java:377)
at org.testng.SuiteRunner.access$000(SuiteRunner.java:28)
at org.testng.SuiteRunner$SuiteWorker.run(SuiteRunner.java:418)
at org.testng.internal.thread.ThreadUtil.lambda$execute$0(ThreadUtil.java:64)
at java.base/java.util.concurrent.FutureTask.run(FutureTask.java:264)
at java.base/java.util.concurrent.ThreadPoolExecutor.runWorker(ThreadPoolExecutor.java:1136)
at java.base/java.util.concurrent.ThreadPoolExecutor$Worker.run(ThreadPoolExecutor.java:635)
at java.base/java.lang.Thread.run(Thread.java:840)
]]>
            </full-stacktrace>
          </exception> <!-- java.lang.AssertionError -->
          <reporter-output>
          </reporter-output>
        </test-method> <!-- LoginErrorValidation -->
        <test-method is-config="true" signature="closeBrowser()[pri:0, instance:E2EFrameWork.ErrorValidations@5460cf3a]" started-at="2024-05-11T19:44:14 IST" name="closeBrowser" finished-at="2024-05-11T19:44:15 IST" duration-ms="310" status="PASS">
          <reporter-output>
          </reporter-output>
        </test-method> <!-- closeBrowser -->
        <test-method is-config="true" signature="launchApplication()[pri:0, instance:E2EFrameWork.ErrorValidations@5460cf3a]" started-at="2024-05-11T19:44:15 IST" name="launchApplication" finished-at="2024-05-11T19:44:20 IST" duration-ms="5181" status="PASS">
          <reporter-output>
          </reporter-output>
        </test-method> <!-- launchApplication -->
        <test-method signature="LoginErrorValidation()[pri:0, instance:E2EFrameWork.ErrorValidations@5460cf3a]" started-at="2024-05-11T19:44:20 IST" name="LoginErrorValidation" finished-at="2024-05-11T19:44:20 IST" duration-ms="748" status="FAIL">
          <exception class="java.lang.AssertionError">
            <message>
              <![CDATA[expected [Incorrect  email or password.] but found [Incorrect email or password.]]]>
            </message>
            <full-stacktrace>
              <![CDATA[java.lang.AssertionError: expected [Incorrect  email or password.] but found [Incorrect email or password.]
at org.testng.Assert.fail(Assert.java:99)
at org.testng.Assert.failNotEquals(Assert.java:1037)
at org.testng.Assert.assertEqualsImpl(Assert.java:140)
at org.testng.Assert.assertEquals(Assert.java:122)
at org.testng.Assert.assertEquals(Assert.java:629)
at org.testng.Assert.assertEquals(Assert.java:639)
at E2EFrameWork.ErrorValidations.LoginErrorValidation(ErrorValidations.java:32)
at java.base/jdk.internal.reflect.NativeMethodAccessorImpl.invoke0(Native Method)
at java.base/jdk.internal.reflect.NativeMethodAccessorImpl.invoke(NativeMethodAccessorImpl.java:77)
at java.base/jdk.internal.reflect.DelegatingMethodAccessorImpl.invoke(DelegatingMethodAccessorImpl.java:43)
at java.base/java.lang.reflect.Method.invoke(Method.java:568)
at org.testng.internal.MethodInvocationHelper.invokeMethod(MethodInvocationHelper.java:133)
at org.testng.internal.TestInvoker.invokeMethod(TestInvoker.java:598)
at org.testng.internal.TestInvoker.retryFailed(TestInvoker.java:213)
at org.testng.internal.MethodRunner.runInSequence(MethodRunner.java:58)
at org.testng.internal.TestInvoker$MethodInvocationAgent.invoke(TestInvoker.java:824)
at org.testng.internal.TestInvoker.invokeTestMethods(TestInvoker.java:146)
at org.testng.internal.TestMethodWorker.invokeTestMethods(TestMethodWorker.java:146)
at org.testng.internal.TestMethodWorker.run(TestMethodWorker.java:128)
at java.base/java.util.ArrayList.forEach(ArrayList.java:1511)
at org.testng.TestRunner.privateRun(TestRunner.java:794)
at org.testng.TestRunner.run(TestRunner.java:596)
at org.testng.SuiteRunner.runTest(SuiteRunner.java:377)
at org.testng.SuiteRunner.access$000(SuiteRunner.java:28)
at org.testng.SuiteRunner$SuiteWorker.run(SuiteRunner.java:418)
at org.testng.internal.thread.ThreadUtil.lambda$execute$0(ThreadUtil.java:64)
at java.base/java.util.concurrent.FutureTask.run(FutureTask.java:264)
at java.base/java.util.concurrent.ThreadPoolExecutor.runWorker(ThreadPoolExecutor.java:1136)
at java.base/java.util.concurrent.ThreadPoolExecutor$Worker.run(ThreadPoolExecutor.java:635)
at java.base/java.lang.Thread.run(Thread.java:840)
]]>
            </full-stacktrace>
          </exception> <!-- java.lang.AssertionError -->
          <reporter-output>
          </reporter-output>
        </test-method> <!-- LoginErrorValidation -->
        <test-method is-config="true" signature="closeBrowser()[pri:0, instance:E2EFrameWork.ErrorValidations@5460cf3a]" started-at="2024-05-11T19:44:21 IST" name="closeBrowser" finished-at="2024-05-11T19:44:21 IST" duration-ms="357" status="PASS">
          <reporter-output>
          </reporter-output>
        </test-method> <!-- closeBrowser -->
      </class> <!-- E2EFrameWork.ErrorValidations -->
    </test> <!-- Errorvalidations -->
    <test started-at="2024-05-11T19:43:55 IST" name="SubmitOrder" finished-at="2024-05-11T19:44:37 IST" duration-ms="42905">
      <class name="E2EFrameWork.E2E">
        <test-method is-config="true" signature="launchApplication()[pri:0, instance:E2EFrameWork.E2E@6af9fcb2]" started-at="2024-05-11T19:43:55 IST" name="launchApplication" finished-at="2024-05-11T19:44:02 IST" duration-ms="6781" status="PASS">
          <reporter-output>
          </reporter-output>
        </test-method> <!-- launchApplication -->
        <test-method signature="submitOrder(java.util.HashMap)[pri:0, instance:E2EFrameWork.E2E@6af9fcb2]" started-at="2024-05-11T19:44:02 IST" name="submitOrder" data-provider="getData" finished-at="2024-05-11T19:44:09 IST" duration-ms="6747" status="PASS">
          <params>
            <param index="0">
              <value>
                <![CDATA[{password=Nikhil@7313, item=ADIDAS ORIGINAL, email=nikhil.kharb@gmail.com}]]>
              </value>
            </param>
          </params>
          <reporter-output>
          </reporter-output>
        </test-method> <!-- submitOrder -->
        <test-method is-config="true" signature="closeBrowser()[pri:0, instance:E2EFrameWork.E2E@6af9fcb2]" started-at="2024-05-11T19:44:09 IST" name="closeBrowser" finished-at="2024-05-11T19:44:11 IST" duration-ms="1929" status="PASS">
          <reporter-output>
          </reporter-output>
        </test-method> <!-- closeBrowser -->
        <test-method is-config="true" signature="launchApplication()[pri:0, instance:E2EFrameWork.E2E@6af9fcb2]" started-at="2024-05-11T19:44:11 IST" name="launchApplication" finished-at="2024-05-11T19:44:16 IST" duration-ms="5801" status="PASS">
          <reporter-output>
          </reporter-output>
        </test-method> <!-- launchApplication -->
        <test-method signature="submitOrder(java.util.HashMap)[pri:0, instance:E2EFrameWork.E2E@6af9fcb2]" started-at="2024-05-11T19:44:16 IST" name="submitOrder" data-provider="getData" finished-at="2024-05-11T19:44:23 IST" duration-ms="6855" status="PASS">
          <params>
            <param index="0">
              <value>
                <![CDATA[{password=Nikhil@7313, item=ZARA COAT 3, email=nikhil.kharb@hmail.com}]]>
              </value>
            </param>
          </params>
          <reporter-output>
          </reporter-output>
        </test-method> <!-- submitOrder -->
        <test-method is-config="true" signature="closeBrowser()[pri:0, instance:E2EFrameWork.E2E@6af9fcb2]" started-at="2024-05-11T19:44:23 IST" name="closeBrowser" finished-at="2024-05-11T19:44:24 IST" duration-ms="516" status="PASS">
          <reporter-output>
          </reporter-output>
        </test-method> <!-- closeBrowser -->
        <test-method is-config="true" signature="launchApplication()[pri:0, instance:E2EFrameWork.E2E@6af9fcb2]" started-at="2024-05-11T19:44:24 IST" name="launchApplication" finished-at="2024-05-11T19:44:29 IST" duration-ms="5695" status="PASS">
          <reporter-output>
          </reporter-output>
        </test-method> <!-- launchApplication -->
        <test-method signature="checkOrderHistory(java.util.HashMap)[pri:0, instance:E2EFrameWork.E2E@6af9fcb2]" started-at="2024-05-11T19:44:29 IST" name="checkOrderHistory" data-provider="getData" finished-at="2024-05-11T19:44:31 IST" depends-on-methods="E2EFrameWork.E2E.submitOrder" duration-ms="1369" status="PASS">
          <params>
            <param index="0">
              <value>
                <![CDATA[{password=Nikhil@7313, item=ADIDAS ORIGINAL, email=nikhil.kharb@gmail.com}]]>
              </value>
            </param>
          </params>
          <reporter-output>
          </reporter-output>
        </test-method> <!-- checkOrderHistory -->
        <test-method is-config="true" signature="closeBrowser()[pri:0, instance:E2EFrameWork.E2E@6af9fcb2]" started-at="2024-05-11T19:44:31 IST" name="closeBrowser" finished-at="2024-05-11T19:44:31 IST" duration-ms="289" status="PASS">
          <reporter-output>
          </reporter-output>
        </test-method> <!-- closeBrowser -->
        <test-method is-config="true" signature="launchApplication()[pri:0, instance:E2EFrameWork.E2E@6af9fcb2]" started-at="2024-05-11T19:44:31 IST" name="launchApplication" finished-at="2024-05-11T19:44:36 IST" duration-ms="5083" status="PASS">
          <reporter-output>
          </reporter-output>
        </test-method> <!-- launchApplication -->
        <test-method signature="checkOrderHistory(java.util.HashMap)[pri:0, instance:E2EFrameWork.E2E@6af9fcb2]" started-at="2024-05-11T19:44:36 IST" name="checkOrderHistory" data-provider="getData" finished-at="2024-05-11T19:44:37 IST" depends-on-methods="E2EFrameWork.E2E.submitOrder" duration-ms="1008" status="PASS">
          <params>
            <param index="0">
              <value>
                <![CDATA[{password=Nikhil@7313, item=ZARA COAT 3, email=nikhil.kharb@hmail.com}]]>
              </value>
            </param>
          </params>
          <reporter-output>
          </reporter-output>
        </test-method> <!-- checkOrderHistory -->
        <test-method is-config="true" signature="closeBrowser()[pri:0, instance:E2EFrameWork.E2E@6af9fcb2]" started-at="2024-05-11T19:44:37 IST" name="closeBrowser" finished-at="2024-05-11T19:44:37 IST" duration-ms="318" status="PASS">
          <reporter-output>
          </reporter-output>
        </test-method> <!-- closeBrowser -->
      </class> <!-- E2EFrameWork.E2E -->
    </test> <!-- SubmitOrder -->
  </suite> <!-- Suite -->
</testng-results>
